This is pdfTeX, Version 3.14159265-2.6-1.40.18 (MiKTeX 2.9.6500 64-bit) (preloaded format=pdftex 2018.1.10)  15 JAN 2018 14:48
entering extended mode
**D:/Elsa/Presentation/MasterThesis/references.bib
(D:/Elsa/Presentation/MasterThesis/references.bib
Overfull \hbox (43.60721pt too wide) in paragraph at lines 24--78
\tenrm bridge Uni-ver-sity Press, Cam-bridge, UK, ISBN, vol-ume=1466525386, yea
r=2015  @ar-ti-cleschmidt2015volcanismarticle,|

\hbox(6.94444+1.94444)x469.75499, glue set - 1.0
.\tenrm b
.\tenrm r
.\tenrm i
.\tenrm d
.\tenrm g
.etc.

)
*
! Emergency stop.
<*> ...sa/Presentation/MasterThesis/references.bib
                                                  
End of file on the terminal!

!  ==> Fatal error occurred, no output PDF file produced!
