\BOOKMARK [0][-]{chapter.1}{Introduction}{}% 1
\BOOKMARK [-1][-]{part.1}{Theoretical background}{}% 2
\BOOKMARK [0][-]{chapter.2}{Volcanism and volcanic chemistry}{part.1}% 3
\BOOKMARK [1][-]{section.2.1}{Volcanism}{chapter.2}% 4
\BOOKMARK [1][-]{section.2.2}{Volcanic gases and their impact on the climate}{chapter.2}% 5
\BOOKMARK [1][-]{section.2.3}{Volcanic degassing}{chapter.2}% 6
\BOOKMARK [1][-]{section.2.4}{Volcanic plume chemistry}{chapter.2}% 7
\BOOKMARK [2][-]{subsection.2.4.1}{Sulphur species}{section.2.4}% 8
\BOOKMARK [2][-]{subsection.2.4.2}{Bromine oxide}{section.2.4}% 9
\BOOKMARK [1][-]{section.2.5}{Using the BrO/SO2 ratio to study volcanic activity}{chapter.2}% 10
\BOOKMARK [0][-]{chapter.3}{Remote sensing of volcanic gases}{part.1}% 11
\BOOKMARK [1][-]{section.3.1}{Differential Optical Absorption Spectroscopy \(DOAS\)}{chapter.3}% 12
\BOOKMARK [2][-]{subsection.3.1.1}{Technical implementation of the DOAS approach}{section.3.1}% 13
\BOOKMARK [-1][-]{part.2}{Empirics}{}% 14
\BOOKMARK [0][-]{chapter.4}{Network for Observation of Volcanic and Atmospheric Change }{part.2}% 15
\BOOKMARK [1][-]{section.4.1}{Measurement routine}{chapter.4}% 16
\BOOKMARK [0][-]{chapter.5}{Evaluation routine}{part.2}% 17
\BOOKMARK [1][-]{section.5.1}{Conventional evaluation routine}{chapter.5}% 18
\BOOKMARK [1][-]{section.5.2}{Retrieval of absolute slant column densities}{chapter.5}% 19
\BOOKMARK [2][-]{subsection.5.2.1}{Contamination of the plume}{section.5.2}% 20
\BOOKMARK [0][-]{chapter.6}{BrO evaluation and its limitations}{part.2}% 21
\BOOKMARK [1][-]{section.6.1}{Influence of ambient conditions on the measurement }{chapter.6}% 22
\BOOKMARK [2][-]{subsection.6.1.1}{Statistical assessment scale}{section.6.1}% 23
\BOOKMARK [2][-]{subsection.6.1.2}{Temporal difference}{section.6.1}% 24
\BOOKMARK [2][-]{subsection.6.1.3}{Daytime }{section.6.1}% 25
\BOOKMARK [2][-]{subsection.6.1.4}{Temperature}{section.6.1}% 26
\BOOKMARK [2][-]{subsection.6.1.5}{Colour index}{section.6.1}% 27
\BOOKMARK [2][-]{subsection.6.1.6}{Elevation Angle}{section.6.1}% 28
\BOOKMARK [2][-]{subsection.6.1.7}{Exposure time}{section.6.1}% 29
\BOOKMARK [1][-]{section.6.2}{BrO dependence on external parameters}{chapter.6}% 30
\BOOKMARK [-1][-]{part.3}{Retrieval advances}{}% 31
\BOOKMARK [0][-]{chapter.7}{Decontamination module }{part.3}% 32
\BOOKMARK [1][-]{section.7.1}{Fit with a first order polynomial}{chapter.7}% 33
\BOOKMARK [1][-]{section.7.2}{Other approaches}{chapter.7}% 34
\BOOKMARK [2][-]{subsection.7.2.1}{Nearest neighbor approach}{section.7.2}% 35
\BOOKMARK [2][-]{subsection.7.2.2}{Iterative approach}{section.7.2}% 36
\BOOKMARK [0][-]{chapter.8}{Results}{part.3}% 37
\BOOKMARK [1][-]{section.8.1}{Tungurahua}{chapter.8}% 38
\BOOKMARK [1][-]{section.8.2}{Nevado del Ruiz}{chapter.8}% 39
\BOOKMARK [1][-]{section.8.3}{BrO/SO2 time series}{chapter.8}% 40
\BOOKMARK [1][-]{section.8.4}{Disscusion of the BrO contamination}{chapter.8}% 41
\BOOKMARK [0][-]{chapter.9}{Conclusion}{part.3}% 42
\BOOKMARK [-1][-]{part.4}{Appendix}{}% 43
\BOOKMARK [0][-]{appendix.A}{Lists}{part.4}% 44
\BOOKMARK [1][-]{section.A.1}{List of Figures}{appendix.A}% 45
\BOOKMARK [1][-]{section.A.2}{List of Tables}{appendix.A}% 46
\BOOKMARK [0][-]{appendix.B}{Bibliography}{part.4}% 47
