<<<<<<< HEAD
This is pdfTeX, Version 3.14159265-2.6-1.40.16 (TeX Live 2015/Debian) (preloaded format=pdflatex 2018.1.14)  18 JAN 2018 11:55
entering extended mode
 restricted \write18 enabled.
 %&-line parsing enabled.
**Wilken_Elsa_MasterThesis.tex
(./Wilken_Elsa_MasterThesis.tex
LaTeX2e <2016/02/01>
Babel <3.9q> and hyphenation patterns for 3 language(s) loaded.
(/usr/share/texlive/texmf-dist/tex/latex/koma-script/scrreprt.cls
Document Class: scrreprt 2015/10/03 v3.19a KOMA-Script document class (report)
(/usr/share/texlive/texmf-dist/tex/latex/koma-script/scrkbase.sty
Package: scrkbase 2015/10/03 v3.19a KOMA-Script package (KOMA-Script-dependent 
basics and keyval usage)

(/usr/share/texlive/texmf-dist/tex/latex/koma-script/scrbase.sty
Package: scrbase 2015/10/03 v3.19a KOMA-Script package (KOMA-Script-independent
 basics and keyval usage)

(/usr/share/texlive/texmf-dist/tex/latex/graphics/keyval.sty
Package: keyval 2014/10/28 v1.15 key=value parser (DPC)
\KV@toks@=\toks14
)
(/usr/share/texlive/texmf-dist/tex/latex/koma-script/scrlfile.sty
Package: scrlfile 2015/10/03 v3.19a KOMA-Script package (loading files)

Package scrlfile, 2015/10/03 v3.19a KOMA-Script package (loading files)
                  Copyright (C) Markus Kohm

))) (/usr/share/texlive/texmf-dist/tex/latex/koma-script/tocbasic.sty
Package: tocbasic 2015/10/03 v3.19a KOMA-Script package (handling toc-files)
)
Package tocbasic Info: omitting babel extension for `toc'
(tocbasic)             because of feature `nobabel' available
(tocbasic)             for `toc' on input line 125.
Package tocbasic Info: omitting babel extension for `lof'
(tocbasic)             because of feature `nobabel' available
(tocbasic)             for `lof' on input line 126.
Package tocbasic Info: omitting babel extension for `lot'
(tocbasic)             because of feature `nobabel' available
(tocbasic)             for `lot' on input line 127.
Package tocbasic Info: defining new hook before heading of `' on input line 158
8.

(/usr/share/texlive/texmf-dist/tex/latex/base/fleqn.clo
File: fleqn.clo 2015/03/31 v1.1i Standard LaTeX option (flush left equations)
=======
This is pdfTeX, Version 3.14159265-2.6-1.40.18 (MiKTeX 2.9.6500 64-bit) (preloaded format=pdflatex 2017.11.20)  18 JAN 2018 20:10
entering extended mode
**./Wilken_Elsa_MasterThesis.tex
(Wilken_Elsa_MasterThesis.tex
LaTeX2e <2017-04-15>
Babel <3.15> and hyphenation patterns for 75 language(s) loaded.
("C:\Program Files\MiKTeX 2.9\tex\latex\koma-script\scrreprt.cls"
Document Class: scrreprt 2017/09/07 v3.24 KOMA-Script document class (report)
("C:\Program Files\MiKTeX 2.9\tex\latex\koma-script\scrkbase.sty"
Package: scrkbase 2017/09/07 v3.24 KOMA-Script package (KOMA-Script-dependent b
asics and keyval usage)

("C:\Program Files\MiKTeX 2.9\tex\latex\koma-script\scrbase.sty"
Package: scrbase 2017/09/07 v3.24 KOMA-Script package (KOMA-Script-independent 
basics and keyval usage)

("C:\Program Files\MiKTeX 2.9\tex\latex\graphics\keyval.sty"
Package: keyval 2014/10/28 v1.15 key=value parser (DPC)
\KV@toks@=\toks14
)
("C:\Program Files\MiKTeX 2.9\tex\latex\koma-script\scrlfile.sty"
Package: scrlfile 2017/09/07 v3.24 KOMA-Script package (loading files)
)))
("C:\Program Files\MiKTeX 2.9\tex\latex\koma-script\tocbasic.sty"
Package: tocbasic 2017/09/07 v3.24 KOMA-Script package (handling toc-files)
\scr@dte@tocline@numberwidth=\skip41
\scr@dte@tocline@numbox=\box26
)
Package tocbasic Info: omitting babel extension for `toc'
(tocbasic)             because of feature `nobabel' available
(tocbasic)             for `toc' on input line 135.
Package tocbasic Info: omitting babel extension for `lof'
(tocbasic)             because of feature `nobabel' available
(tocbasic)             for `lof' on input line 137.
Package tocbasic Info: omitting babel extension for `lot'
(tocbasic)             because of feature `nobabel' available
(tocbasic)             for `lot' on input line 138.
Package tocbasic Info: defining new hook before heading of `' on input line 162
7.

("C:\Program Files\MiKTeX 2.9\tex\latex\base\fleqn.clo"
File: fleqn.clo 2016/12/29 v1.2a Standard LaTeX option (flush left equations)
>>>>>>> 427a0be915fcbb79f9c1ddbc5708ba1eae985753
\mathindent=\dimen102
Applying: [2015/01/01] Make \[ robust on input line 50.
LaTeX Info: Redefining \[ on input line 51.
Already applied: [0000/00/00] Make \[ robust on input line 62.
Applying: [2015/01/01] Make \] robust on input line 74.
LaTeX Info: Redefining \] on input line 75.
Already applied: [0000/00/00] Make \] robust on input line 83.
)
Class scrreprt Info: Switching compatibility level to `3.03'.
Class scrreprt Info: File `scrsize12pt.clo' used to setup font sizes on input l
<<<<<<< HEAD
ine 2248.

(/usr/share/texlive/texmf-dist/tex/latex/koma-script/scrsize12pt.clo
File: scrsize12pt.clo 2015/10/03 v3.19a KOMA-Script font size class option (12p
t)
)
(/usr/share/texlive/texmf-dist/tex/latex/koma-script/typearea.sty
Package: typearea 2015/10/03 v3.19a KOMA-Script package (type area)

Package typearea, 2015/10/03 v3.19a KOMA-Script package (type area)
                  Copyright (C) Frank Neukam, 1992-1994
                  Copyright (C) Markus Kohm, 1994-

\ta@bcor=\skip41
\ta@div=\count79
Package typearea Info: Switching compatibility level to `3.03'.
\ta@hblk=\skip42
\ta@vblk=\skip43
\ta@temp=\skip44
\footheight=\skip45
=======
ine 2293.

("C:\Program Files\MiKTeX 2.9\tex\latex\koma-script\scrsize12pt.clo"
File: scrsize12pt.clo 2017/09/07 v3.24 KOMA-Script font size class option (12pt
)
)
("C:\Program Files\MiKTeX 2.9\tex\latex\koma-script\typearea.sty"
Package: typearea 2017/09/07 v3.24 KOMA-Script package (type area)
\ta@bcor=\skip42
\ta@div=\count79
Package typearea Info: Switching compatibility level to `3.03'.
\ta@hblk=\skip43
\ta@vblk=\skip44
\ta@temp=\skip45
\footheight=\skip46
>>>>>>> 427a0be915fcbb79f9c1ddbc5708ba1eae985753
Package typearea Info: These are the values describing the layout:
(typearea)             DIV  = 12
(typearea)             BCOR = 28.45274pt
(typearea)             \paperwidth      = 597.50793pt
(typearea)              \textwidth      = 426.7914pt
(typearea)              DIV departure   = -1%
(typearea)              \evensidemargin = 22.57254pt
(typearea)              \oddsidemargin  = 3.60402pt
(typearea)             \paperheight     = 845.04694pt
(typearea)              \textheight     = 635.5pt
(typearea)              \topmargin      = -41.72441pt
(typearea)              \headheight     = 18.125pt
(typearea)              \headsep        = 21.75pt
(typearea)              \topskip        = 12.0pt
(typearea)              \footskip       = 50.75pt
(typearea)              \baselineskip   = 14.5pt
<<<<<<< HEAD
(typearea)              on input line 1509.
=======
(typearea)              on input line 1686.
>>>>>>> 427a0be915fcbb79f9c1ddbc5708ba1eae985753
)
\c@part=\count80
\c@chapter=\count81
\c@section=\count82
\c@subsection=\count83
\c@subsubsection=\count84
\c@paragraph=\count85
\c@subparagraph=\count86
<<<<<<< HEAD
LaTeX Info: Redefining \textsubscript on input line 4652.
\abovecaptionskip=\skip46
\belowcaptionskip=\skip47
\c@pti@nb@sid@b@x=\box26
\c@figure=\count87
\c@table=\count88
\bibindent=\dimen103
) (/usr/share/texlive/texmf-dist/tex/latex/base/inputenc.sty
=======
\scr@dte@part@maxnumwidth=\skip47
\scr@dte@chapter@maxnumwidth=\skip48
\scr@dte@section@maxnumwidth=\skip49
\scr@dte@subsection@maxnumwidth=\skip50
\scr@dte@subsubsection@maxnumwidth=\skip51
\scr@dte@paragraph@maxnumwidth=\skip52
\scr@dte@subparagraph@maxnumwidth=\skip53
LaTeX Info: Redefining \textsubscript on input line 4964.
\abovecaptionskip=\skip54
\belowcaptionskip=\skip55
\c@pti@nb@sid@b@x=\box27
\c@figure=\count87
\c@table=\count88
Class scrreprt Info: Using old \@makefntext due to compatibility level
(scrreprt)           less than 3.22 on input line 6117.
Class scrreprt Info: Redefining `\numberline' on input line 6130.
\bibindent=\dimen103
)
("C:\Program Files\MiKTeX 2.9\tex\latex\base\inputenc.sty"
>>>>>>> 427a0be915fcbb79f9c1ddbc5708ba1eae985753
Package: inputenc 2015/03/17 v1.2c Input encoding file
\inpenc@prehook=\toks15
\inpenc@posthook=\toks16

<<<<<<< HEAD
(/usr/share/texlive/texmf-dist/tex/latex/base/utf8.def
File: utf8.def 2015/12/03 v1.1r UTF-8 support for inputenc
=======
("C:\Program Files\MiKTeX 2.9\tex\latex\base\utf8.def"
File: utf8.def 2017/01/28 v1.1t UTF-8 support for inputenc
>>>>>>> 427a0be915fcbb79f9c1ddbc5708ba1eae985753
Now handling font encoding OML ...
... no UTF-8 mapping file for font encoding OML
Now handling font encoding T1 ...
... processing UTF-8 mapping file for font encoding T1

<<<<<<< HEAD
(/usr/share/texlive/texmf-dist/tex/latex/base/t1enc.dfu
File: t1enc.dfu 2015/12/03 v1.1r UTF-8 support for inputenc
=======
("C:\Program Files\MiKTeX 2.9\tex\latex\base\t1enc.dfu"
File: t1enc.dfu 2017/01/28 v1.1t UTF-8 support for inputenc
>>>>>>> 427a0be915fcbb79f9c1ddbc5708ba1eae985753
   defining Unicode char U+00A0 (decimal 160)
   defining Unicode char U+00A1 (decimal 161)
   defining Unicode char U+00A3 (decimal 163)
   defining Unicode char U+00AB (decimal 171)
   defining Unicode char U+00AD (decimal 173)
   defining Unicode char U+00BB (decimal 187)
   defining Unicode char U+00BF (decimal 191)
   defining Unicode char U+00C0 (decimal 192)
   defining Unicode char U+00C1 (decimal 193)
   defining Unicode char U+00C2 (decimal 194)
   defining Unicode char U+00C3 (decimal 195)
   defining Unicode char U+00C4 (decimal 196)
   defining Unicode char U+00C5 (decimal 197)
   defining Unicode char U+00C6 (decimal 198)
   defining Unicode char U+00C7 (decimal 199)
   defining Unicode char U+00C8 (decimal 200)
   defining Unicode char U+00C9 (decimal 201)
   defining Unicode char U+00CA (decimal 202)
   defining Unicode char U+00CB (decimal 203)
   defining Unicode char U+00CC (decimal 204)
   defining Unicode char U+00CD (decimal 205)
   defining Unicode char U+00CE (decimal 206)
   defining Unicode char U+00CF (decimal 207)
   defining Unicode char U+00D0 (decimal 208)
   defining Unicode char U+00D1 (decimal 209)
   defining Unicode char U+00D2 (decimal 210)
   defining Unicode char U+00D3 (decimal 211)
   defining Unicode char U+00D4 (decimal 212)
   defining Unicode char U+00D5 (decimal 213)
   defining Unicode char U+00D6 (decimal 214)
   defining Unicode char U+00D8 (decimal 216)
   defining Unicode char U+00D9 (decimal 217)
   defining Unicode char U+00DA (decimal 218)
   defining Unicode char U+00DB (decimal 219)
   defining Unicode char U+00DC (decimal 220)
   defining Unicode char U+00DD (decimal 221)
   defining Unicode char U+00DE (decimal 222)
   defining Unicode char U+00DF (decimal 223)
   defining Unicode char U+00E0 (decimal 224)
   defining Unicode char U+00E1 (decimal 225)
   defining Unicode char U+00E2 (decimal 226)
   defining Unicode char U+00E3 (decimal 227)
   defining Unicode char U+00E4 (decimal 228)
   defining Unicode char U+00E5 (decimal 229)
   defining Unicode char U+00E6 (decimal 230)
   defining Unicode char U+00E7 (decimal 231)
   defining Unicode char U+00E8 (decimal 232)
   defining Unicode char U+00E9 (decimal 233)
   defining Unicode char U+00EA (decimal 234)
   defining Unicode char U+00EB (decimal 235)
   defining Unicode char U+00EC (decimal 236)
   defining Unicode char U+00ED (decimal 237)
   defining Unicode char U+00EE (decimal 238)
   defining Unicode char U+00EF (decimal 239)
   defining Unicode char U+00F0 (decimal 240)
   defining Unicode char U+00F1 (decimal 241)
   defining Unicode char U+00F2 (decimal 242)
   defining Unicode char U+00F3 (decimal 243)
   defining Unicode char U+00F4 (decimal 244)
   defining Unicode char U+00F5 (decimal 245)
   defining Unicode char U+00F6 (decimal 246)
   defining Unicode char U+00F8 (decimal 248)
   defining Unicode char U+00F9 (decimal 249)
   defining Unicode char U+00FA (decimal 250)
   defining Unicode char U+00FB (decimal 251)
   defining Unicode char U+00FC (decimal 252)
   defining Unicode char U+00FD (decimal 253)
   defining Unicode char U+00FE (decimal 254)
   defining Unicode char U+00FF (decimal 255)
   defining Unicode char U+0100 (decimal 256)
   defining Unicode char U+0101 (decimal 257)
   defining Unicode char U+0102 (decimal 258)
   defining Unicode char U+0103 (decimal 259)
   defining Unicode char U+0104 (decimal 260)
   defining Unicode char U+0105 (decimal 261)
   defining Unicode char U+0106 (decimal 262)
   defining Unicode char U+0107 (decimal 263)
   defining Unicode char U+0108 (decimal 264)
   defining Unicode char U+0109 (decimal 265)
   defining Unicode char U+010A (decimal 266)
   defining Unicode char U+010B (decimal 267)
   defining Unicode char U+010C (decimal 268)
   defining Unicode char U+010D (decimal 269)
   defining Unicode char U+010E (decimal 270)
   defining Unicode char U+010F (decimal 271)
   defining Unicode char U+0110 (decimal 272)
   defining Unicode char U+0111 (decimal 273)
   defining Unicode char U+0112 (decimal 274)
   defining Unicode char U+0113 (decimal 275)
   defining Unicode char U+0114 (decimal 276)
   defining Unicode char U+0115 (decimal 277)
   defining Unicode char U+0116 (decimal 278)
   defining Unicode char U+0117 (decimal 279)
   defining Unicode char U+0118 (decimal 280)
   defining Unicode char U+0119 (decimal 281)
   defining Unicode char U+011A (decimal 282)
   defining Unicode char U+011B (decimal 283)
   defining Unicode char U+011C (decimal 284)
   defining Unicode char U+011D (decimal 285)
   defining Unicode char U+011E (decimal 286)
   defining Unicode char U+011F (decimal 287)
   defining Unicode char U+0120 (decimal 288)
   defining Unicode char U+0121 (decimal 289)
   defining Unicode char U+0122 (decimal 290)
   defining Unicode char U+0123 (decimal 291)
   defining Unicode char U+0124 (decimal 292)
   defining Unicode char U+0125 (decimal 293)
   defining Unicode char U+0128 (decimal 296)
   defining Unicode char U+0129 (decimal 297)
   defining Unicode char U+012A (decimal 298)
   defining Unicode char U+012B (decimal 299)
   defining Unicode char U+012C (decimal 300)
   defining Unicode char U+012D (decimal 301)
   defining Unicode char U+012E (decimal 302)
   defining Unicode char U+012F (decimal 303)
   defining Unicode char U+0130 (decimal 304)
   defining Unicode char U+0131 (decimal 305)
   defining Unicode char U+0132 (decimal 306)
   defining Unicode char U+0133 (decimal 307)
   defining Unicode char U+0134 (decimal 308)
   defining Unicode char U+0135 (decimal 309)
   defining Unicode char U+0136 (decimal 310)
   defining Unicode char U+0137 (decimal 311)
   defining Unicode char U+0139 (decimal 313)
   defining Unicode char U+013A (decimal 314)
   defining Unicode char U+013B (decimal 315)
   defining Unicode char U+013C (decimal 316)
   defining Unicode char U+013D (decimal 317)
   defining Unicode char U+013E (decimal 318)
   defining Unicode char U+0141 (decimal 321)
   defining Unicode char U+0142 (decimal 322)
   defining Unicode char U+0143 (decimal 323)
   defining Unicode char U+0144 (decimal 324)
   defining Unicode char U+0145 (decimal 325)
   defining Unicode char U+0146 (decimal 326)
   defining Unicode char U+0147 (decimal 327)
   defining Unicode char U+0148 (decimal 328)
   defining Unicode char U+014A (decimal 330)
   defining Unicode char U+014B (decimal 331)
   defining Unicode char U+014C (decimal 332)
   defining Unicode char U+014D (decimal 333)
   defining Unicode char U+014E (decimal 334)
   defining Unicode char U+014F (decimal 335)
   defining Unicode char U+0150 (decimal 336)
   defining Unicode char U+0151 (decimal 337)
   defining Unicode char U+0152 (decimal 338)
   defining Unicode char U+0153 (decimal 339)
   defining Unicode char U+0154 (decimal 340)
   defining Unicode char U+0155 (decimal 341)
   defining Unicode char U+0156 (decimal 342)
   defining Unicode char U+0157 (decimal 343)
   defining Unicode char U+0158 (decimal 344)
   defining Unicode char U+0159 (decimal 345)
   defining Unicode char U+015A (decimal 346)
   defining Unicode char U+015B (decimal 347)
   defining Unicode char U+015C (decimal 348)
   defining Unicode char U+015D (decimal 349)
   defining Unicode char U+015E (decimal 350)
   defining Unicode char U+015F (decimal 351)
   defining Unicode char U+0160 (decimal 352)
   defining Unicode char U+0161 (decimal 353)
   defining Unicode char U+0162 (decimal 354)
   defining Unicode char U+0163 (decimal 355)
   defining Unicode char U+0164 (decimal 356)
   defining Unicode char U+0165 (decimal 357)
   defining Unicode char U+0168 (decimal 360)
   defining Unicode char U+0169 (decimal 361)
   defining Unicode char U+016A (decimal 362)
   defining Unicode char U+016B (decimal 363)
   defining Unicode char U+016C (decimal 364)
   defining Unicode char U+016D (decimal 365)
   defining Unicode char U+016E (decimal 366)
   defining Unicode char U+016F (decimal 367)
   defining Unicode char U+0170 (decimal 368)
   defining Unicode char U+0171 (decimal 369)
   defining Unicode char U+0172 (decimal 370)
   defining Unicode char U+0173 (decimal 371)
   defining Unicode char U+0174 (decimal 372)
   defining Unicode char U+0175 (decimal 373)
   defining Unicode char U+0176 (decimal 374)
   defining Unicode char U+0177 (decimal 375)
   defining Unicode char U+0178 (decimal 376)
   defining Unicode char U+0179 (decimal 377)
   defining Unicode char U+017A (decimal 378)
   defining Unicode char U+017B (decimal 379)
   defining Unicode char U+017C (decimal 380)
   defining Unicode char U+017D (decimal 381)
   defining Unicode char U+017E (decimal 382)
   defining Unicode char U+01CD (decimal 461)
   defining Unicode char U+01CE (decimal 462)
   defining Unicode char U+01CF (decimal 463)
   defining Unicode char U+01D0 (decimal 464)
   defining Unicode char U+01D1 (decimal 465)
   defining Unicode char U+01D2 (decimal 466)
   defining Unicode char U+01D3 (decimal 467)
   defining Unicode char U+01D4 (decimal 468)
   defining Unicode char U+01E2 (decimal 482)
   defining Unicode char U+01E3 (decimal 483)
   defining Unicode char U+01E6 (decimal 486)
   defining Unicode char U+01E7 (decimal 487)
   defining Unicode char U+01E8 (decimal 488)
   defining Unicode char U+01E9 (decimal 489)
   defining Unicode char U+01EA (decimal 490)
   defining Unicode char U+01EB (decimal 491)
   defining Unicode char U+01F0 (decimal 496)
   defining Unicode char U+01F4 (decimal 500)
   defining Unicode char U+01F5 (decimal 501)
   defining Unicode char U+0218 (decimal 536)
   defining Unicode char U+0219 (decimal 537)
   defining Unicode char U+021A (decimal 538)
   defining Unicode char U+021B (decimal 539)
<<<<<<< HEAD
   defining Unicode char U+01E02 (decimal 7682)
   defining Unicode char U+01E03 (decimal 7683)
   defining Unicode char U+200C (decimal 8204)
   defining Unicode char U+2013 (decimal 8211)
   defining Unicode char U+2014 (decimal 8212)
=======
   defining Unicode char U+0232 (decimal 562)
   defining Unicode char U+0233 (decimal 563)
   defining Unicode char U+1E02 (decimal 7682)
   defining Unicode char U+1E03 (decimal 7683)
   defining Unicode char U+200C (decimal 8204)
   defining Unicode char U+2010 (decimal 8208)
   defining Unicode char U+2011 (decimal 8209)
   defining Unicode char U+2012 (decimal 8210)
   defining Unicode char U+2013 (decimal 8211)
   defining Unicode char U+2014 (decimal 8212)
   defining Unicode char U+2015 (decimal 8213)
>>>>>>> 427a0be915fcbb79f9c1ddbc5708ba1eae985753
   defining Unicode char U+2018 (decimal 8216)
   defining Unicode char U+2019 (decimal 8217)
   defining Unicode char U+201A (decimal 8218)
   defining Unicode char U+201C (decimal 8220)
   defining Unicode char U+201D (decimal 8221)
   defining Unicode char U+201E (decimal 8222)
   defining Unicode char U+2030 (decimal 8240)
   defining Unicode char U+2031 (decimal 8241)
   defining Unicode char U+2039 (decimal 8249)
   defining Unicode char U+203A (decimal 8250)
   defining Unicode char U+2423 (decimal 9251)
<<<<<<< HEAD
=======
   defining Unicode char U+1E20 (decimal 7712)
   defining Unicode char U+1E21 (decimal 7713)
>>>>>>> 427a0be915fcbb79f9c1ddbc5708ba1eae985753
)
Now handling font encoding OT1 ...
... processing UTF-8 mapping file for font encoding OT1

<<<<<<< HEAD
(/usr/share/texlive/texmf-dist/tex/latex/base/ot1enc.dfu
File: ot1enc.dfu 2015/12/03 v1.1r UTF-8 support for inputenc
=======
("C:\Program Files\MiKTeX 2.9\tex\latex\base\ot1enc.dfu"
File: ot1enc.dfu 2017/01/28 v1.1t UTF-8 support for inputenc
>>>>>>> 427a0be915fcbb79f9c1ddbc5708ba1eae985753
   defining Unicode char U+00A0 (decimal 160)
   defining Unicode char U+00A1 (decimal 161)
   defining Unicode char U+00A3 (decimal 163)
   defining Unicode char U+00AD (decimal 173)
   defining Unicode char U+00B8 (decimal 184)
   defining Unicode char U+00BF (decimal 191)
   defining Unicode char U+00C5 (decimal 197)
   defining Unicode char U+00C6 (decimal 198)
   defining Unicode char U+00D8 (decimal 216)
   defining Unicode char U+00DF (decimal 223)
   defining Unicode char U+00E6 (decimal 230)
   defining Unicode char U+00EC (decimal 236)
   defining Unicode char U+00ED (decimal 237)
   defining Unicode char U+00EE (decimal 238)
   defining Unicode char U+00EF (decimal 239)
   defining Unicode char U+00F8 (decimal 248)
   defining Unicode char U+0131 (decimal 305)
   defining Unicode char U+0141 (decimal 321)
   defining Unicode char U+0142 (decimal 322)
   defining Unicode char U+0152 (decimal 338)
   defining Unicode char U+0153 (decimal 339)
   defining Unicode char U+0174 (decimal 372)
   defining Unicode char U+0175 (decimal 373)
   defining Unicode char U+0176 (decimal 374)
   defining Unicode char U+0177 (decimal 375)
   defining Unicode char U+0218 (decimal 536)
   defining Unicode char U+0219 (decimal 537)
   defining Unicode char U+021A (decimal 538)
   defining Unicode char U+021B (decimal 539)
   defining Unicode char U+2013 (decimal 8211)
   defining Unicode char U+2014 (decimal 8212)
   defining Unicode char U+2018 (decimal 8216)
   defining Unicode char U+2019 (decimal 8217)
   defining Unicode char U+201C (decimal 8220)
   defining Unicode char U+201D (decimal 8221)
)
Now handling font encoding OMS ...
... processing UTF-8 mapping file for font encoding OMS

<<<<<<< HEAD
(/usr/share/texlive/texmf-dist/tex/latex/base/omsenc.dfu
File: omsenc.dfu 2015/12/03 v1.1r UTF-8 support for inputenc
=======
("C:\Program Files\MiKTeX 2.9\tex\latex\base\omsenc.dfu"
File: omsenc.dfu 2017/01/28 v1.1t UTF-8 support for inputenc
>>>>>>> 427a0be915fcbb79f9c1ddbc5708ba1eae985753
   defining Unicode char U+00A7 (decimal 167)
   defining Unicode char U+00B6 (decimal 182)
   defining Unicode char U+00B7 (decimal 183)
   defining Unicode char U+2020 (decimal 8224)
   defining Unicode char U+2021 (decimal 8225)
   defining Unicode char U+2022 (decimal 8226)
)
Now handling font encoding OMX ...
... no UTF-8 mapping file for font encoding OMX
Now handling font encoding U ...
... no UTF-8 mapping file for font encoding U
   defining Unicode char U+00A9 (decimal 169)
   defining Unicode char U+00AA (decimal 170)
   defining Unicode char U+00AE (decimal 174)
   defining Unicode char U+00BA (decimal 186)
   defining Unicode char U+02C6 (decimal 710)
   defining Unicode char U+02DC (decimal 732)
   defining Unicode char U+200C (decimal 8204)
   defining Unicode char U+2026 (decimal 8230)
   defining Unicode char U+2122 (decimal 8482)
   defining Unicode char U+2423 (decimal 9251)
))
<<<<<<< HEAD
(/usr/share/texlive/texmf-dist/tex/latex/base/fontenc.sty
Package: fontenc 2005/09/27 v1.99g Standard LaTeX package

(/usr/share/texlive/texmf-dist/tex/latex/base/t1enc.def
File: t1enc.def 2005/09/27 v1.99g Standard LaTeX file
LaTeX Font Info:    Redeclaring font encoding T1 on input line 48.
))
(/usr/share/texlive/texmf-dist/tex/latex/graphics/color.sty
Package: color 2016/01/03 v1.1b Standard LaTeX Color (DPC)

(/usr/share/texlive/texmf-dist/tex/latex/latexconfig/color.cfg
File: color.cfg 2007/01/18 v1.5 color configuration of teTeX/TeXLive
)
Package color Info: Driver file: pdftex.def on input line 143.

(/usr/share/texlive/texmf-dist/tex/latex/pdftex-def/pdftex.def
File: pdftex.def 2011/05/27 v0.06d Graphics/color for pdfTeX

(/usr/share/texlive/texmf-dist/tex/generic/oberdiek/infwarerr.sty
Package: infwarerr 2010/04/08 v1.3 Providing info/warning/error messages (HO)
)
(/usr/share/texlive/texmf-dist/tex/generic/oberdiek/ltxcmds.sty
Package: ltxcmds 2011/11/09 v1.22 LaTeX kernel commands for general use (HO)
)
\Gread@gobject=\count89
))
(/usr/share/texlive/texmf-dist/tex/latex/amsmath/amsmath.sty
Package: amsmath 2016/03/03 v2.15a AMS math features
\@mathmargin=\skip48

For additional information on amsmath, use the `?' option.
(/usr/share/texlive/texmf-dist/tex/latex/amsmath/amstext.sty
Package: amstext 2000/06/29 v2.01 AMS text

(/usr/share/texlive/texmf-dist/tex/latex/amsmath/amsgen.sty
=======
("C:\Program Files\MiKTeX 2.9\tex\latex\base\fontenc.sty"
Package: fontenc 2017/04/05 v2.0i Standard LaTeX package

("C:\Program Files\MiKTeX 2.9\tex\latex\base\t1enc.def"
File: t1enc.def 2017/04/05 v2.0i Standard LaTeX file
LaTeX Font Info:    Redeclaring font encoding T1 on input line 48.
))
("C:\Program Files\MiKTeX 2.9\tex\latex\graphics\color.sty"
Package: color 2016/07/10 v1.1e Standard LaTeX Color (DPC)

("C:\Program Files\MiKTeX 2.9\tex\latex\graphics-cfg\color.cfg"
File: color.cfg 2016/01/02 v1.6 sample color configuration
)
Package color Info: Driver file: pdftex.def on input line 147.

("C:\Program Files\MiKTeX 2.9\tex\latex\graphics-def\pdftex.def"
File: pdftex.def 2017/06/24 v1.0g Graphics/color driver for pdftex
))
("C:\Program Files\MiKTeX 2.9\tex\latex\amsmath\amsmath.sty"
Package: amsmath 2017/09/02 v2.17a AMS math features
\@mathmargin=\skip56

For additional information on amsmath, use the `?' option.
("C:\Program Files\MiKTeX 2.9\tex\latex\amsmath\amstext.sty"
Package: amstext 2000/06/29 v2.01 AMS text

("C:\Program Files\MiKTeX 2.9\tex\latex\amsmath\amsgen.sty"
>>>>>>> 427a0be915fcbb79f9c1ddbc5708ba1eae985753
File: amsgen.sty 1999/11/30 v2.0 generic functions
\@emptytoks=\toks17
\ex@=\dimen104
))
<<<<<<< HEAD
(/usr/share/texlive/texmf-dist/tex/latex/amsmath/amsbsy.sty
Package: amsbsy 1999/11/29 v1.2d Bold Symbols
\pmbraise@=\dimen105
)
(/usr/share/texlive/texmf-dist/tex/latex/amsmath/amsopn.sty
Package: amsopn 1999/12/14 v2.01 operator names
)
\inf@bad=\count90
LaTeX Info: Redefining \frac on input line 199.
\uproot@=\count91
\leftroot@=\count92
LaTeX Info: Redefining \overline on input line 297.
\classnum@=\count93
\DOTSCASE@=\count94
LaTeX Info: Redefining \ldots on input line 394.
LaTeX Info: Redefining \dots on input line 397.
LaTeX Info: Redefining \cdots on input line 518.
\Mathstrutbox@=\box27
\strutbox@=\box28
\big@size=\dimen106
LaTeX Font Info:    Redeclaring font encoding OML on input line 630.
LaTeX Font Info:    Redeclaring font encoding OMS on input line 631.
\macc@depth=\count95
\c@MaxMatrixCols=\count96
\dotsspace@=\muskip10
\c@parentequation=\count97
\dspbrk@lvl=\count98
\tag@help=\toks18
\row@=\count99
\column@=\count100
\maxfields@=\count101
=======
("C:\Program Files\MiKTeX 2.9\tex\latex\amsmath\amsbsy.sty"
Package: amsbsy 1999/11/29 v1.2d Bold Symbols
\pmbraise@=\dimen105
)
("C:\Program Files\MiKTeX 2.9\tex\latex\amsmath\amsopn.sty"
Package: amsopn 2016/03/08 v2.02 operator names
)
\inf@bad=\count89
LaTeX Info: Redefining \frac on input line 213.
\uproot@=\count90
\leftroot@=\count91
LaTeX Info: Redefining \overline on input line 375.
\classnum@=\count92
\DOTSCASE@=\count93
LaTeX Info: Redefining \ldots on input line 472.
LaTeX Info: Redefining \dots on input line 475.
LaTeX Info: Redefining \cdots on input line 596.
\Mathstrutbox@=\box28
\strutbox@=\box29
\big@size=\dimen106
LaTeX Font Info:    Redeclaring font encoding OML on input line 712.
LaTeX Font Info:    Redeclaring font encoding OMS on input line 713.
\macc@depth=\count94
\c@MaxMatrixCols=\count95
\dotsspace@=\muskip10
\c@parentequation=\count96
\dspbrk@lvl=\count97
\tag@help=\toks18
\row@=\count98
\column@=\count99
\maxfields@=\count100
>>>>>>> 427a0be915fcbb79f9c1ddbc5708ba1eae985753
\andhelp@=\toks19
\eqnshift@=\dimen107
\alignsep@=\dimen108
\tagshift@=\dimen109
\tagwidth@=\dimen110
\totwidth@=\dimen111
\lineht@=\dimen112
\@envbody=\toks20
<<<<<<< HEAD
\multlinegap=\skip49
\multlinetaggap=\skip50
\mathdisplay@stack=\toks21
LaTeX Info: Redefining \[ on input line 2735.
LaTeX Info: Redefining \] on input line 2736.
)
(/usr/share/texlive/texmf-dist/tex/latex/graphics/graphicx.sty
Package: graphicx 2014/10/28 v1.0g Enhanced LaTeX Graphics (DPC,SPQR)

(/usr/share/texlive/texmf-dist/tex/latex/graphics/graphics.sty
Package: graphics 2016/01/03 v1.0q Standard LaTeX Graphics (DPC,SPQR)

(/usr/share/texlive/texmf-dist/tex/latex/graphics/trig.sty
Package: trig 2016/01/03 v1.10 sin cos tan (DPC)
)
(/usr/share/texlive/texmf-dist/tex/latex/latexconfig/graphics.cfg
File: graphics.cfg 2010/04/23 v1.9 graphics configuration of TeX Live
)
Package graphics Info: Driver file: pdftex.def on input line 95.
=======
\multlinegap=\skip57
\multlinetaggap=\skip58
\mathdisplay@stack=\toks21
LaTeX Info: Redefining \[ on input line 2817.
LaTeX Info: Redefining \] on input line 2818.
)
("C:\Program Files\MiKTeX 2.9\tex\latex\graphics\graphicx.sty"
Package: graphicx 2017/06/01 v1.1a Enhanced LaTeX Graphics (DPC,SPQR)

("C:\Program Files\MiKTeX 2.9\tex\latex\graphics\graphics.sty"
Package: graphics 2017/06/25 v1.2c Standard LaTeX Graphics (DPC,SPQR)

("C:\Program Files\MiKTeX 2.9\tex\latex\graphics\trig.sty"
Package: trig 2016/01/03 v1.10 sin cos tan (DPC)
)
("C:\Program Files\MiKTeX 2.9\tex\latex\graphics-cfg\graphics.cfg"
File: graphics.cfg 2016/06/04 v1.11 sample graphics configuration
)
Package graphics Info: Driver file: pdftex.def on input line 99.
>>>>>>> 427a0be915fcbb79f9c1ddbc5708ba1eae985753
)
\Gin@req@height=\dimen113
\Gin@req@width=\dimen114
)
<<<<<<< HEAD
(/usr/share/texlive/texmf-dist/tex/generic/babel/babel.sty
Package: babel 2016/02/24 3.9q The Babel package

(/usr/share/texlive/texmf-dist/tex/generic/babel-english/english.ldf
Language: english 2012/08/20 v3.3p English support from the babel system

(/usr/share/texlive/texmf-dist/tex/generic/babel/babel.def
File: babel.def 2016/02/24 3.9q Babel common definitions
\babel@savecnt=\count102
\U@D=\dimen115
)
\l@british = a dialect from \language\l@english 
\l@UKenglish = a dialect from \language\l@english 
=======
("C:\Program Files\MiKTeX 2.9\tex\generic\babel\babel.sty"
Package: babel 2017/11/03 3.15 The Babel package

("C:\Program Files\MiKTeX 2.9\tex\generic\babel\switch.def"
File: switch.def 2017/11/03 3.15 Babel switching mechanism
)
*************************************
* Local config file bblopts.cfg used
*
(C:\Users\Novac_Eval\AppData\Roaming\MiKTeX\2.9\tex\latex\arabi\bblopts.cfg
File: bblopts.cfg 2005/09/08 v0.1 add Arabic and Farsi to "declared" options of
 babel
)
("C:\Program Files\MiKTeX 2.9\tex\latex\babel-english\english.ldf"
Language: english 2017/06/06 v3.3r English support from the babel system

("C:\Program Files\MiKTeX 2.9\tex\generic\babel\babel.def"
File: babel.def 2017/11/03 3.15 Babel common definitions

("C:\Program Files\MiKTeX 2.9\tex\generic\babel\switch.def"
File: switch.def 2017/11/03 3.15 Babel switching mechanism
)
\babel@savecnt=\count101
\U@D=\dimen115
)
>>>>>>> 427a0be915fcbb79f9c1ddbc5708ba1eae985753
\l@canadian = a dialect from \language\l@american 
\l@australian = a dialect from \language\l@british 
\l@newzealand = a dialect from \language\l@british 
))
<<<<<<< HEAD
(/usr/share/texlive/texmf-dist/tex/latex/natbib/natbib.sty
Package: natbib 2010/09/13 8.31b (PWD, AO)
\bibhang=\skip51
\bibsep=\skip52
LaTeX Info: Redefining \cite on input line 694.
\c@NAT@ctr=\count103
)
(/usr/share/texlive/texmf-dist/tex/latex/hyperref/hyperref.sty
Package: hyperref 2012/11/06 v6.83m Hypertext links for LaTeX

(/usr/share/texlive/texmf-dist/tex/generic/oberdiek/hobsub-hyperref.sty
Package: hobsub-hyperref 2012/05/28 v1.13 Bundle oberdiek, subset hyperref (HO)


(/usr/share/texlive/texmf-dist/tex/generic/oberdiek/hobsub-generic.sty
Package: hobsub-generic 2012/05/28 v1.13 Bundle oberdiek, subset generic (HO)
Package: hobsub 2012/05/28 v1.13 Construct package bundles (HO)
Package hobsub Info: Skipping package `infwarerr' (already loaded).
Package hobsub Info: Skipping package `ltxcmds' (already loaded).
Package: ifluatex 2010/03/01 v1.3 Provides the ifluatex switch (HO)
Package ifluatex Info: LuaTeX not detected.
Package: ifvtex 2010/03/01 v1.5 Detect VTeX and its facilities (HO)
Package ifvtex Info: VTeX not detected.
Package: intcalc 2007/09/27 v1.1 Expandable calculations with integers (HO)
Package: ifpdf 2011/01/30 v2.3 Provides the ifpdf switch (HO)
Package ifpdf Info: pdfTeX in PDF mode is detected.
Package: etexcmds 2011/02/16 v1.5 Avoid name clashes with e-TeX commands (HO)
=======
(C:\Users\Novac_Eval\AppData\Roaming\MiKTeX\2.9\tex\latex\natbib\natbib.sty
Package: natbib 2010/09/13 8.31b (PWD, AO)
\bibhang=\skip59
\bibsep=\skip60
LaTeX Info: Redefining \cite on input line 694.
\c@NAT@ctr=\count102
)
("C:\Program Files\MiKTeX 2.9\tex\latex\hyperref\hyperref.sty"
Package: hyperref 2017/03/14 v6.85a Hypertext links for LaTeX

("C:\Program Files\MiKTeX 2.9\tex\generic\oberdiek\hobsub-hyperref.sty"
Package: hobsub-hyperref 2016/05/16 v1.14 Bundle oberdiek, subset hyperref (HO)


("C:\Program Files\MiKTeX 2.9\tex\generic\oberdiek\hobsub-generic.sty"
Package: hobsub-generic 2016/05/16 v1.14 Bundle oberdiek, subset generic (HO)
Package: hobsub 2016/05/16 v1.14 Construct package bundles (HO)
Package: infwarerr 2016/05/16 v1.4 Providing info/warning/error messages (HO)
Package: ltxcmds 2016/05/16 v1.23 LaTeX kernel commands for general use (HO)
Package: ifluatex 2016/05/16 v1.4 Provides the ifluatex switch (HO)
Package ifluatex Info: LuaTeX not detected.
Package: ifvtex 2016/05/16 v1.6 Detect VTeX and its facilities (HO)
Package ifvtex Info: VTeX not detected.
Package: intcalc 2016/05/16 v1.2 Expandable calculations with integers (HO)
Package: ifpdf 2017/03/15 v3.2 Provides the ifpdf switch
Package: etexcmds 2016/05/16 v1.6 Avoid name clashes with e-TeX commands (HO)
>>>>>>> 427a0be915fcbb79f9c1ddbc5708ba1eae985753
Package etexcmds Info: Could not find \expanded.
(etexcmds)             That can mean that you are not using pdfTeX 1.50 or
(etexcmds)             that some package has redefined \expanded.
(etexcmds)             In the latter case, load this package earlier.
<<<<<<< HEAD
Package: kvsetkeys 2012/04/25 v1.16 Key value parser (HO)
Package: kvdefinekeys 2011/04/07 v1.3 Define keys (HO)
Package: pdftexcmds 2011/11/29 v0.20 Utility functions of pdfTeX for LuaTeX (HO
=======
Package: kvsetkeys 2016/05/16 v1.17 Key value parser (HO)
Package: kvdefinekeys 2016/05/16 v1.4 Define keys (HO)
Package: pdftexcmds 2017/03/19 v0.25 Utility functions of pdfTeX for LuaTeX (HO
>>>>>>> 427a0be915fcbb79f9c1ddbc5708ba1eae985753
)
Package pdftexcmds Info: LuaTeX not detected.
Package pdftexcmds Info: \pdf@primitive is available.
Package pdftexcmds Info: \pdf@ifprimitive is available.
Package pdftexcmds Info: \pdfdraftmode found.
<<<<<<< HEAD
Package: pdfescape 2011/11/25 v1.13 Implements pdfTeX's escape features (HO)
Package: bigintcalc 2012/04/08 v1.3 Expandable calculations on big integers (HO
)
Package: bitset 2011/01/30 v1.1 Handle bit-vector datatype (HO)
Package: uniquecounter 2011/01/30 v1.2 Provide unlimited unique counter (HO)
)
Package hobsub Info: Skipping package `hobsub' (already loaded).
Package: letltxmacro 2010/09/02 v1.4 Let assignment for LaTeX macros (HO)
Package: hopatch 2012/05/28 v1.2 Wrapper for package hooks (HO)
Package: xcolor-patch 2011/01/30 xcolor patch
Package: atveryend 2011/06/30 v1.8 Hooks at the very end of document (HO)
Package atveryend Info: \enddocument detected (standard20110627).
Package: atbegshi 2011/10/05 v1.16 At begin shipout hook (HO)
Package: refcount 2011/10/16 v3.4 Data extraction from label references (HO)
Package: hycolor 2011/01/30 v1.7 Color options for hyperref/bookmark (HO)
)
(/usr/share/texlive/texmf-dist/tex/generic/ifxetex/ifxetex.sty
Package: ifxetex 2010/09/12 v0.6 Provides ifxetex conditional
)
(/usr/share/texlive/texmf-dist/tex/latex/oberdiek/auxhook.sty
Package: auxhook 2011/03/04 v1.3 Hooks for auxiliary files (HO)
)
(/usr/share/texlive/texmf-dist/tex/latex/oberdiek/kvoptions.sty
Package: kvoptions 2011/06/30 v3.11 Key value format for package options (HO)
)
\@linkdim=\dimen116
\Hy@linkcounter=\count104
\Hy@pagecounter=\count105

(/usr/share/texlive/texmf-dist/tex/latex/hyperref/pd1enc.def
File: pd1enc.def 2012/11/06 v6.83m Hyperref: PDFDocEncoding definition (HO)
Now handling font encoding PD1 ...
... no UTF-8 mapping file for font encoding PD1
)
\Hy@SavedSpaceFactor=\count106

(/usr/share/texlive/texmf-dist/tex/latex/latexconfig/hyperref.cfg
File: hyperref.cfg 2002/06/06 v1.2 hyperref configuration of TeXLive
)
Package hyperref Info: Hyper figures OFF on input line 4443.
Package hyperref Info: Link nesting OFF on input line 4448.
Package hyperref Info: Hyper index ON on input line 4451.
Package hyperref Info: Plain pages OFF on input line 4458.
Package hyperref Info: Backreferencing OFF on input line 4463.
Package hyperref Info: Implicit mode ON; LaTeX internals redefined.
Package hyperref Info: Bookmarks ON on input line 4688.
\c@Hy@tempcnt=\count107

(/usr/share/texlive/texmf-dist/tex/latex/url/url.sty
\Urlmuskip=\muskip11
Package: url 2013/09/16  ver 3.4  Verb mode for urls, etc.
)
LaTeX Info: Redefining \url on input line 5041.
\XeTeXLinkMargin=\dimen117
\Fld@menulength=\count108
\Field@Width=\dimen118
\Fld@charsize=\dimen119
Package hyperref Info: Hyper figures OFF on input line 6295.
Package hyperref Info: Link nesting OFF on input line 6300.
Package hyperref Info: Hyper index ON on input line 6303.
Package hyperref Info: backreferencing OFF on input line 6310.
Package hyperref Info: Link coloring OFF on input line 6315.
Package hyperref Info: Link coloring with OCG OFF on input line 6320.
Package hyperref Info: PDF/A mode OFF on input line 6325.
LaTeX Info: Redefining \ref on input line 6365.
LaTeX Info: Redefining \pageref on input line 6369.
\Hy@abspage=\count109
\c@Item=\count110
\c@Hfootnote=\count111
=======
Package: pdfescape 2016/05/16 v1.14 Implements pdfTeX's escape features (HO)
Package: bigintcalc 2016/05/16 v1.4 Expandable calculations on big integers (HO
)
Package: bitset 2016/05/16 v1.2 Handle bit-vector datatype (HO)
Package: uniquecounter 2016/05/16 v1.3 Provide unlimited unique counter (HO)
)
Package hobsub Info: Skipping package `hobsub' (already loaded).
Package: letltxmacro 2016/05/16 v1.5 Let assignment for LaTeX macros (HO)
Package: hopatch 2016/05/16 v1.3 Wrapper for package hooks (HO)
Package: xcolor-patch 2016/05/16 xcolor patch
Package: atveryend 2016/05/16 v1.9 Hooks at the very end of document (HO)
Package atveryend Info: \enddocument detected (standard20110627).
Package: atbegshi 2016/06/09 v1.18 At begin shipout hook (HO)
Package: refcount 2016/05/16 v3.5 Data extraction from label references (HO)
Package: hycolor 2016/05/16 v1.8 Color options for hyperref/bookmark (HO)
)
("C:\Program Files\MiKTeX 2.9\tex\generic\ifxetex\ifxetex.sty"
Package: ifxetex 2010/09/12 v0.6 Provides ifxetex conditional
)
("C:\Program Files\MiKTeX 2.9\tex\latex\oberdiek\auxhook.sty"
Package: auxhook 2016/05/16 v1.4 Hooks for auxiliary files (HO)
)
("C:\Program Files\MiKTeX 2.9\tex\latex\oberdiek\kvoptions.sty"
Package: kvoptions 2016/05/16 v3.12 Key value format for package options (HO)
)
\@linkdim=\dimen116
\Hy@linkcounter=\count103
\Hy@pagecounter=\count104

("C:\Program Files\MiKTeX 2.9\tex\latex\hyperref\pd1enc.def"
File: pd1enc.def 2017/03/14 v6.85a Hyperref: PDFDocEncoding definition (HO)
Now handling font encoding PD1 ...
... no UTF-8 mapping file for font encoding PD1
)
\Hy@SavedSpaceFactor=\count105

("C:\Program Files\MiKTeX 2.9\tex\latex\00miktex\hyperref.cfg"
File: hyperref.cfg 2002/06/06 v1.2 hyperref configuration of TeXLive
)
Package hyperref Info: Hyper figures OFF on input line 4498.
Package hyperref Info: Link nesting OFF on input line 4503.
Package hyperref Info: Hyper index ON on input line 4506.
Package hyperref Info: Plain pages OFF on input line 4513.
Package hyperref Info: Backreferencing OFF on input line 4518.
Package hyperref Info: Implicit mode ON; LaTeX internals redefined.
Package hyperref Info: Bookmarks ON on input line 4751.
\c@Hy@tempcnt=\count106

(C:\Users\Novac_Eval\AppData\Roaming\MiKTeX\2.9\tex\latex\url\url.sty
\Urlmuskip=\muskip11
Package: url 2013/09/16  ver 3.4  Verb mode for urls, etc.
)
LaTeX Info: Redefining \url on input line 5104.
\XeTeXLinkMargin=\dimen117
\Fld@menulength=\count107
\Field@Width=\dimen118
\Fld@charsize=\dimen119
Package hyperref Info: Hyper figures OFF on input line 6358.
Package hyperref Info: Link nesting OFF on input line 6363.
Package hyperref Info: Hyper index ON on input line 6366.
Package hyperref Info: backreferencing OFF on input line 6373.
Package hyperref Info: Link coloring OFF on input line 6378.
Package hyperref Info: Link coloring with OCG OFF on input line 6383.
Package hyperref Info: PDF/A mode OFF on input line 6388.
LaTeX Info: Redefining \ref on input line 6428.
LaTeX Info: Redefining \pageref on input line 6432.
\Hy@abspage=\count108
\c@Item=\count109
\c@Hfootnote=\count110
>>>>>>> 427a0be915fcbb79f9c1ddbc5708ba1eae985753
)

Package hyperref Message: Driver (autodetected): hpdftex.

<<<<<<< HEAD
(/usr/share/texlive/texmf-dist/tex/latex/hyperref/hpdftex.def
File: hpdftex.def 2012/11/06 v6.83m Hyperref driver for pdfTeX
\Fld@listcount=\count112
\c@bookmark@seq@number=\count113

(/usr/share/texlive/texmf-dist/tex/latex/oberdiek/rerunfilecheck.sty
Package: rerunfilecheck 2011/04/15 v1.7 Rerun checks for auxiliary files (HO)
Package uniquecounter Info: New unique counter `rerunfilecheck' on input line 2
82.
)
\Hy@SectionHShift=\skip53
)

! LaTeX Error: File `cleveref.sty' not found.

Type X to quit or <RETURN> to proceed,
or enter new name. (Default extension: sty)

Enter file name: 
! Emergency stop.
<read *> 
         
l.30 \usepackage
                						{subfigure}^^M
*** (cannot \read from terminal in nonstop modes)

 
Here is how much of TeX's memory you used:
 7995 strings out of 494953
 117911 string characters out of 6180977
 274923 words of memory out of 5000000
 11222 multiletter control sequences out of 15000+600000
 4702 words of font info for 16 fonts, out of 8000000 for 9000
 14 hyphenation exceptions out of 8191
 49i,1n,80p,262b,47s stack positions out of 5000i,500n,10000p,200000b,80000s
!  ==> Fatal error occurred, no output PDF file produced!
=======
("C:\Program Files\MiKTeX 2.9\tex\latex\hyperref\hpdftex.def"
File: hpdftex.def 2017/03/14 v6.85a Hyperref driver for pdfTeX
\Fld@listcount=\count111
\c@bookmark@seq@number=\count112

("C:\Program Files\MiKTeX 2.9\tex\latex\oberdiek\rerunfilecheck.sty"
Package: rerunfilecheck 2016/05/16 v1.8 Rerun checks for auxiliary files (HO)
Package uniquecounter Info: New unique counter `rerunfilecheck' on input line 2
82.
)
\Hy@SectionHShift=\skip61
)
("C:\Program Files\MiKTeX 2.9\tex\latex\cleveref\cleveref.sty"
Package: cleveref 2013/12/28 v0.19 Intelligent cross-referencing
Package cleveref Info: `hyperref' support loaded on input line 2230.
LaTeX Info: Redefining \cref on input line 2230.
LaTeX Info: Redefining \Cref on input line 2230.
LaTeX Info: Redefining \crefrange on input line 2230.
LaTeX Info: Redefining \Crefrange on input line 2230.
LaTeX Info: Redefining \cpageref on input line 2230.
LaTeX Info: Redefining \Cpageref on input line 2230.
LaTeX Info: Redefining \cpagerefrange on input line 2230.
LaTeX Info: Redefining \Cpagerefrange on input line 2230.
LaTeX Info: Redefining \labelcref on input line 2230.
LaTeX Info: Redefining \labelcpageref on input line 2230.
)
("C:\Program Files\MiKTeX 2.9\tex\latex\subfigure\subfigure.sty"
Package: subfigure 2002/07/30 v2.1.4 subfigure package
\subfigtopskip=\skip62
\subfigcapskip=\skip63
\subfigcaptopadj=\dimen120
\subfigbottomskip=\skip64
\subfigcapmargin=\dimen121
\subfiglabelskip=\skip65
\c@subfigure=\count113
\c@lofdepth=\count114
\c@subtable=\count115
\c@lotdepth=\count116

****************************************
* Local config file subfigure.cfg used *
****************************************
("C:\Program Files\MiKTeX 2.9\tex\latex\subfigure\subfigure.cfg")
\subfig@top=\skip66
\subfig@bottom=\skip67
)
Package hyperref Info: Option `colorlinks' set `true' on input line 39.

(Wilken_Elsa_MasterThesis.aux (titlepages-eng.aux) (abstracts.aux)
(deposition.aux))
\openout1 = `Wilken_Elsa_MasterThesis.aux'.

LaTeX Font Info:    Checking defaults for OML/cmm/m/it on input line 43.
LaTeX Font Info:    ... okay on input line 43.
LaTeX Font Info:    Checking defaults for T1/cmr/m/n on input line 43.
LaTeX Font Info:    ... okay on input line 43.
LaTeX Font Info:    Checking defaults for OT1/cmr/m/n on input line 43.
LaTeX Font Info:    ... okay on input line 43.
LaTeX Font Info:    Checking defaults for OMS/cmsy/m/n on input line 43.
LaTeX Font Info:    ... okay on input line 43.
LaTeX Font Info:    Checking defaults for OMX/cmex/m/n on input line 43.
LaTeX Font Info:    ... okay on input line 43.
LaTeX Font Info:    Checking defaults for U/cmr/m/n on input line 43.
LaTeX Font Info:    ... okay on input line 43.
LaTeX Font Info:    Checking defaults for PD1/pdf/m/n on input line 43.
LaTeX Font Info:    ... okay on input line 43.
 ("C:\Program Files\MiKTeX 2.9\tex\context\base\supp-pdf.mkii"
[Loading MPS to PDF converter (version 2006.09.02).]
\scratchcounter=\count117
\scratchdimen=\dimen122
\scratchbox=\box30
\nofMPsegments=\count118
\nofMParguments=\count119
\everyMPshowfont=\toks22
\MPscratchCnt=\count120
\MPscratchDim=\dimen123
\MPnumerator=\count121
\makeMPintoPDFobject=\count122
\everyMPtoPDFconversion=\toks23
) ("C:\Program Files\MiKTeX 2.9\tex\latex\oberdiek\epstopdf-base.sty"
Package: epstopdf-base 2016/05/15 v2.6 Base part for package epstopdf

("C:\Program Files\MiKTeX 2.9\tex\latex\oberdiek\grfext.sty"
Package: grfext 2016/05/16 v1.2 Manage graphics extensions (HO)
)
Package epstopdf-base Info: Redefining graphics rule for `.eps' on input line 4
38.
Package grfext Info: Graphics extension search list:
(grfext)             [.pdf,.png,.jpg,.mps,.jpeg,.jbig2,.jb2,.PDF,.PNG,.JPG,.JPE
G,.JBIG2,.JB2,.eps]
(grfext)             \AppendGraphicsExtensions on input line 456.
)
\AtBeginShipoutBox=\box31
Package hyperref Info: Link coloring ON on input line 43.

("C:\Program Files\MiKTeX 2.9\tex\latex\hyperref\nameref.sty"
Package: nameref 2016/05/21 v2.44 Cross-referencing by name of section

("C:\Program Files\MiKTeX 2.9\tex\generic\oberdiek\gettitlestring.sty"
Package: gettitlestring 2016/05/16 v1.5 Cleanup title references (HO)
)
\c@section@level=\count123
)
LaTeX Info: Redefining \ref on input line 43.
LaTeX Info: Redefining \pageref on input line 43.
LaTeX Info: Redefining \nameref on input line 43.

(Wilken_Elsa_MasterThesis.out) (Wilken_Elsa_MasterThesis.out)
\@outlinefile=\write3
\openout3 = `Wilken_Elsa_MasterThesis.out'.

\openout2 = `titlepages-eng.aux'.


(titlepages-eng.tex
LaTeX Font Info:    Try loading font information for T1+cmss on input line 12.
 ("C:\Program Files\MiKTeX 2.9\tex\latex\base\t1cmss.fd"
File: t1cmss.fd 2014/09/29 v2.5h Standard LaTeX font definitions
)
[1


{C:/Users/Novac_Eval/AppData/Local/MiKTeX/2.9/pdftex/config/pdftex.map}])
[2]
\openout2 = `abstracts.aux'.

 (abstracts.tex (abstract-ger.tex) (abstract-eng.tex)) [3


]
(Wilken_Elsa_MasterThesis.toc [4


])
\tf@toc=\write4
\openout4 = `Wilken_Elsa_MasterThesis.toc'.

 [5]
chapter 1.
(Chapters/1_Intruduction.tex)
Underfull \hbox (badness 10000) in paragraph at lines 5--52

 []


Underfull \hbox (badness 10000) in paragraph at lines 5--52

 []


Underfull \hbox (badness 10000) in paragraph at lines 5--52

 []


Underfull \hbox (badness 10000) in paragraph at lines 5--52

 []


Underfull \hbox (badness 10000) in paragraph at lines 5--52

 []


Underfull \hbox (badness 10000) in paragraph at lines 5--52

 []


Underfull \vbox (badness 3460) has occurred while \output is active []

 [6

]
[7] [8]
part I.
Package scrkbase Info: You've told me to use the font selection of the element
(scrkbase)             `partprefix' that is an alias of element `partnumber'
(scrkbase)              on input line 52.
[9

]

Package hyperref Warning: Difference (2) between bookmark levels is greater 
(hyperref)                than one, level fixed on input line 53.


Package hyperref Warning: Difference (2) between bookmark levels is greater 
(hyperref)                than one, level fixed on input line 56.

<Bilder/Simon/Bilder_Tung/BrO_Plume.png, id=310, 2216.28pt x 1599.9775pt>
File: Bilder/Simon/Bilder_Tung/BrO_Plume.png Graphic file (type png)
<use Bilder/Simon/Bilder_Tung/BrO_Plume.png>
Package pdftex.def Info: Bilder/Simon/Bilder_Tung/BrO_Plume.png  used on input 
line 60. on input line 60.
Package pdftex.def Info: Requested size: 298.75267pt x 215.67026pt on input lin
e 60.
<Bilder/Simon/Bilder_Tung/Climate_Influence.png, id=311, 1214.5375pt x 921.4425
pt>
File: Bilder/Simon/Bilder_Tung/Climate_Influence.png Graphic file (type png)
<use Bilder/Simon/Bilder_Tung/Climate_Influence.png>
Package pdftex.def Info: Bilder/Simon/Bilder_Tung/Climate_Influence.png  used o
n input line 67. on input line 67.
Package pdftex.def Info: Requested size: 298.75267pt x 226.64821pt on input lin
e 67.
<Bilder/Simon/Bilder_Tung/BrO_Explosion.png, id=312, 673.7353pt x 459.7502pt>
File: Bilder/Simon/Bilder_Tung/BrO_Explosion.png Graphic file (type png)
<use Bilder/Simon/Bilder_Tung/BrO_Explosion.png>
Package pdftex.def Info: Bilder/Simon/Bilder_Tung/BrO_Explosion.png  used on in
put line 75. on input line 75.
Package pdftex.def Info: Requested size: 298.75267pt x 203.86913pt on input lin
e 75.
<Bilder/Simon/Bilder_Tung/DOAS_Intensity.png, id=313, 754.82pt x 544.0325pt>
File: Bilder/Simon/Bilder_Tung/DOAS_Intensity.png Graphic file (type png)
<use Bilder/Simon/Bilder_Tung/DOAS_Intensity.png>
Package pdftex.def Info: Bilder/Simon/Bilder_Tung/DOAS_Intensity.png  used on i
nput line 90. on input line 90.
Package pdftex.def Info: Requested size: 298.75267pt x 215.318pt on input line 
90.
[10 <./Bilder/Simon/Bilder_Tung/BrO_Plume.png>] [11 <./Bilder/Simon/Bilder_Tung
/Climate_Influence.png> <./Bilder/Simon/Bilder_Tung/BrO_Explosion.png>]
[12 <./Bilder/Simon/Bilder_Tung/DOAS_Intensity.png>]
part II.
Package scrkbase Info: You've told me to use the font selection of the element
(scrkbase)             `partprefix' that is an alias of element `partnumber'
(scrkbase)              on input line 95.
[13

]
chapter 2.
<Bilder/NOVAC2015.pdf, id=335, pagebox=cropbox, 558.085pt x 329.23pt>
File: Bilder/NOVAC2015.pdf Graphic file (type pdf)
<use Bilder/NOVAC2015.pdf>
Package pdftex.def Info: Bilder/NOVAC2015.pdf  used on input line 102. on input
 line 102.
Package pdftex.def Info: Requested size: 341.43442pt x 201.42781pt on input lin
e 102.
<Bilder/Simon/Bilder_Tung/NOVAC_Instrument.png, id=337, 905.3825pt x 584.1825pt
>
File: Bilder/Simon/Bilder_Tung/NOVAC_Instrument.png Graphic file (type png)
<use Bilder/Simon/Bilder_Tung/NOVAC_Instrument.png>
Package pdftex.def Info: Bilder/Simon/Bilder_Tung/NOVAC_Instrument.png  used on
 input line 118. on input line 118.
Package pdftex.def Info: Requested size: 209.13013pt x 134.92963pt on input lin
e 118.
<Bilder/Simon/Bilder_Tung/NOVAC_scan_geo.png, id=338, 1005.7575pt x 372.39125pt
>
File: Bilder/Simon/Bilder_Tung/NOVAC_scan_geo.png Graphic file (type png)
<use Bilder/Simon/Bilder_Tung/NOVAC_scan_geo.png>
Package pdftex.def Info: Bilder/Simon/Bilder_Tung/NOVAC_scan_geo.png  used on i
nput line 119. on input line 119.
Package pdftex.def Info: Requested size: 209.13013pt x 77.43169pt on input line
 119.

LaTeX Warning: Reference `NOVAC Seite' on page 14 undefined on input line 125.

[14

 <./Bilder/NOVAC2015.pdf>]
<Bilder/Simon/Bilder_Tung/Map_Tungurahua2.png, id=349, 875.27pt x 1012.78375pt>

File: Bilder/Simon/Bilder_Tung/Map_Tungurahua2.png Graphic file (type png)
<use Bilder/Simon/Bilder_Tung/Map_Tungurahua2.png>
Package pdftex.def Info: Bilder/Simon/Bilder_Tung/Map_Tungurahua2.png  used on 
input line 135. on input line 135.
Package pdftex.def Info: Requested size: 256.07744pt x 296.31146pt on input lin
e 135.


LaTeX Warning: `h' float specifier changed to `ht'.

[15 <./Bilder/Simon/Bilder_Tung/NOVAC_Instrument.png> <./Bilder/Simon/Bilder_Tu
ng/NOVAC_scan_geo.png>] [16 <./Bilder/Simon/Bilder_Tung/Map_Tungurahua2.png>]
chapter 3.
<Bilder/Simon/Bilder_Tung/Algorithm.png, id=365, 730.73pt x 707.64375pt>
File: Bilder/Simon/Bilder_Tung/Algorithm.png Graphic file (type png)
<use Bilder/Simon/Bilder_Tung/Algorithm.png>
Package pdftex.def Info: Bilder/Simon/Bilder_Tung/Algorithm.png  used on input 
line 152. on input line 152.
Package pdftex.def Info: Requested size: 213.39569pt x 206.64754pt on input lin
e 152.
<Bilder/Simon/Bilder_Tung/SO2_Scan.png, id=366, 868.6854pt x 678.3744pt>
File: Bilder/Simon/Bilder_Tung/SO2_Scan.png Graphic file (type png)
<use Bilder/Simon/Bilder_Tung/SO2_Scan.png>
Package pdftex.def Info: Bilder/Simon/Bilder_Tung/SO2_Scan.png  used on input l
ine 157. on input line 157.
Package pdftex.def Info: Requested size: 209.13013pt x 163.31003pt on input lin
e 157.
<Bilder/Simon/Bilder_Tung/BrO_Scan.png, id=367, 868.74562pt x 678.28406pt>
File: Bilder/Simon/Bilder_Tung/BrO_Scan.png Graphic file (type png)
<use Bilder/Simon/Bilder_Tung/BrO_Scan.png>
Package pdftex.def Info: Bilder/Simon/Bilder_Tung/BrO_Scan.png  used on input l
ine 158. on input line 158.
Package pdftex.def Info: Requested size: 209.13013pt x 163.27794pt on input lin
e 158.

LaTeX Warning: Reference `tab: 1' on page 17 undefined on input line 164.


LaTeX Warning: Reference `fig so2' on page 17 undefined on input line 164.


LaTeX Warning: Reference `fig so2' on page 17 undefined on input line 165.


LaTeX Warning: Reference ` fig bro' on page 17 undefined on input line 171.


LaTeX Warning: Reference `...' on page 1 undefined on input line 175.


Underfull \hbox (badness 10000) in paragraph at lines 164--176

 []

[17

 <./Bilder/Simon/Bilder_Tung/Algorithm.png>]
<Bilder/contaminated.pdf, id=374, pagebox=cropbox, 370.38374pt x 341.275pt>
File: Bilder/contaminated.pdf Graphic file (type pdf)
<use Bilder/contaminated.pdf>
Package pdftex.def Info: Bilder/contaminated.pdf  used on input line 182. on in
put line 182.
Package pdftex.def Info: Requested size: 298.75267pt x 275.27518pt on input lin
e 182.

Underfull \hbox (badness 10000) in paragraph at lines 187--202

 []


Underfull \hbox (badness 10000) in paragraph at lines 187--202

 []

[18 <./Bilder/Simon/Bilder_Tung/SO2_Scan.png (PNG copy)> <./Bilder/Simon/Bilder
_Tung/BrO_Scan.png (PNG copy)>]
Underfull \hbox (badness 10000) in paragraph at lines 203--213

 []

[19 <./Bilder/contaminated.pdf>]
Underfull \hbox (badness 10000) in paragraph at lines 215--230

 []


Underfull \hbox (badness 10000) in paragraph at lines 215--230

 []


Underfull \hbox (badness 10000) in paragraph at lines 215--230

 []


Underfull \hbox (badness 10000) in paragraph at lines 215--230

 []

<E:/Masterarbeit/Analyse_Contamination/contaminationdependency_so2.pdf, id=405,
 pagebox=cropbox, 505.89pt x 505.89pt>
File: E:/Masterarbeit/Analyse_Contamination/contaminationdependency_so2.pdf Gra
phic file (type pdf)
<use E:/Masterarbeit/Analyse_Contamination/contaminationdependency_so2.pdf>
Package pdftex.def Info: E:/Masterarbeit/Analyse_Contamination/contaminationdep
endency_so2.pdf  used on input line 233. on input line 233.
Package pdftex.def Info: Requested size: 298.75267pt x 298.75812pt on input lin
e 233.
<E:/Masterarbeit/Analyse_Contamination/contaminationdependency_bro.pdf, id=406,
 pagebox=cropbox, 505.89pt x 505.89pt>
File: E:/Masterarbeit/Analyse_Contamination/contaminationdependency_bro.pdf Gra
phic file (type pdf)
<use E:/Masterarbeit/Analyse_Contamination/contaminationdependency_bro.pdf>
Package pdftex.def Info: E:/Masterarbeit/Analyse_Contamination/contaminationdep
endency_bro.pdf  used on input line 239. on input line 239.
Package pdftex.def Info: Requested size: 298.75267pt x 298.75812pt on input lin
e 239.
<E:/Masterarbeit/Analyse_Contamination/contaminationdependency_ratio.pdf, id=40
7, pagebox=cropbox, 505.89pt x 505.89pt>
File: E:/Masterarbeit/Analyse_Contamination/contaminationdependency_ratio.pdf G
raphic file (type pdf)
<use E:/Masterarbeit/Analyse_Contamination/contaminationdependency_ratio.pdf>
Package pdftex.def Info: E:/Masterarbeit/Analyse_Contamination/contaminationdep
endency_ratio.pdf  used on input line 245. on input line 245.
Package pdftex.def Info: Requested size: 298.75267pt x 298.75812pt on input lin
e 245.
[20] [21 <E:/Masterarbeit/Analyse_Contamination/contaminationdependency_so2.pdf
>] [22 <E:/Masterarbeit/Analyse_Contamination/contaminationdependency_bro.pdf>]
[23 <E:/Masterarbeit/Analyse_Contamination/contaminationdependency_ratio.pdf>]
chapter 4.
<Bilder/Simon/Bilder_Tung/Drift_Komplett_NEW.png, id=590, 712.91344pt x 752.812
5pt>
File: Bilder/Simon/Bilder_Tung/Drift_Komplett_NEW.png Graphic file (type png)
<use Bilder/Simon/Bilder_Tung/Drift_Komplett_NEW.png>
Package pdftex.def Info: Bilder/Simon/Bilder_Tung/Drift_Komplett_NEW.png  used 
on input line 269. on input line 269.
Package pdftex.def Info: Requested size: 298.75267pt x 315.46689pt on input lin
e 269.

LaTeX Warning: Reference `Histogram' on page 1 undefined on input line 276.


LaTeX Warning: `h' float specifier changed to `ht'.

[24

]
<Bilder/Datum_100h.pdf, id=603, pagebox=cropbox, 361.35pt x 578.16pt>
File: Bilder/Datum_100h.pdf Graphic file (type pdf)
<use Bilder/Datum_100h.pdf>
Package pdftex.def Info: Bilder/Datum_100h.pdf  used on input line 282. on inpu
t line 282.
Package pdftex.def Info: Requested size: 298.75267pt x 478.01123pt on input lin
e 282.
<Bilder/Datum.png, id=604, 1300.86pt x 505.89pt>
File: Bilder/Datum.png Graphic file (type png)
<use Bilder/Datum.png>
Package pdftex.def Info: Bilder/Datum.png  used on input line 287. on input lin
e 287.
Package pdftex.def Info: Requested size: 469.47313pt x 182.56796pt on input lin
e 287.

Overfull \hbox (42.68173pt too wide) in paragraph at lines 287--288
[][] 
 []

<Bilder/Simon/Bilder_Tung/D2J2140_Before.png, id=606, 579.3645pt x 405.9165pt>
File: Bilder/Simon/Bilder_Tung/D2J2140_Before.png Graphic file (type png)
<use Bilder/Simon/Bilder_Tung/D2J2140_Before.png>
Package pdftex.def Info: Bilder/Simon/Bilder_Tung/D2J2140_Before.png  used on i
nput line 293. on input line 293.
Package pdftex.def Info: Requested size: 209.13013pt x 146.52003pt on input lin
e 293.
<Bilder/Simon/Bilder_Tung/D2J2140_After.png, id=607, 580.3281pt x 405.1938pt>
File: Bilder/Simon/Bilder_Tung/D2J2140_After.png Graphic file (type png)
<use Bilder/Simon/Bilder_Tung/D2J2140_After.png>
Package pdftex.def Info: Bilder/Simon/Bilder_Tung/D2J2140_After.png  used on in
put line 294. on input line 294.
Package pdftex.def Info: Requested size: 209.13013pt x 146.01804pt on input lin
e 294.

Underfull \hbox (badness 10000) in paragraph at lines 278--298

 []


Underfull \vbox (badness 7540) has occurred while \output is active []

 [25 <./Bilder/Simon/Bilder_Tung/Drift_Komplett_NEW.png>]

LaTeX Warning: `!h' float specifier changed to `!ht'.


LaTeX Warning: `!h' float specifier changed to `!ht'.


Underfull \hbox (badness 10000) in paragraph at lines 299--300

 []


Underfull \hbox (badness 10000) in paragraph at lines 302--310

 []

<Bilder/DiffTemp_Tungu.pdf, id=621, pagebox=cropbox, 505.89pt x 505.89pt>
File: Bilder/DiffTemp_Tungu.pdf Graphic file (type pdf)
<use Bilder/DiffTemp_Tungu.pdf>
Package pdftex.def Info: Bilder/DiffTemp_Tungu.pdf  used on input line 316. on 
input line 316.
Package pdftex.def Info: Requested size: 209.13013pt x 209.1299pt on input line
 316.
<Bilder/DiffTemp_Nevad.pdf, id=622, pagebox=cropbox, 505.89pt x 505.89pt>
File: Bilder/DiffTemp_Nevad.pdf Graphic file (type pdf)
<use Bilder/DiffTemp_Nevad.pdf>
Package pdftex.def Info: Bilder/DiffTemp_Nevad.pdf  used on input line 317. on 
input line 317.
Package pdftex.def Info: Requested size: 209.13013pt x 209.1299pt on input line
 317.

LaTeX Warning: `!h' float specifier changed to `!ht'.

LaTeX Font Info:    Try loading font information for OMS+cmr on input line 322.

("C:\Program Files\MiKTeX 2.9\tex\latex\base\omscmr.fd"
File: omscmr.fd 2014/09/29 v2.5h Standard LaTeX font definitions
)
LaTeX Font Info:    Font shape `OMS/cmr/m/n' in size <12> not available
(Font)              Font shape `OMS/cmsy/m/n' tried instead on input line 322.

Underfull \vbox (badness 10000) has occurred while \output is active []

 [26]
[27 <./Bilder/Datum_100h.pdf>]
<Bilder/Diffdaytime_Tungu.pdf, id=681, pagebox=cropbox, 505.89pt x 505.89pt>
File: Bilder/Diffdaytime_Tungu.pdf Graphic file (type pdf)
<use Bilder/Diffdaytime_Tungu.pdf>
Package pdftex.def Info: Bilder/Diffdaytime_Tungu.pdf  used on input line 331. 
on input line 331.
Package pdftex.def Info: Requested size: 209.13013pt x 209.1299pt on input line
 331.
<Bilder/Diffdaytime_Nevad.pdf, id=682, pagebox=cropbox, 505.89pt x 505.89pt>
File: Bilder/Diffdaytime_Nevad.pdf Graphic file (type pdf)
<use Bilder/Diffdaytime_Nevad.pdf>
Package pdftex.def Info: Bilder/Diffdaytime_Nevad.pdf  used on input line 332. 
on input line 332.
Package pdftex.def Info: Requested size: 209.13013pt x 209.1299pt on input line
 332.
 [28 <./Bilder/Datum.png> <./Bilder/Simon/Bilder_Tung/D2J2140_Before.png (PNG c
opy)> <./Bilder/Simon/Bilder_Tung/D2J2140_After.png (PNG copy)>] [29 <./Bilder/
DiffTemp_Tungu.pdf> <./Bilder/DiffTemp_Nevad.pdf

pdfTeX warning: pdflatex.exe (file ./Bilder/DiffTemp_Nevad.pdf): PDF inclusion:
 multiple pdfs with page group included in a single page
> <./Bilder/Diffdaytime_Tungu.pdf

pdfTeX warning: pdflatex.exe (file ./Bilder/Diffdaytime_Tungu.pdf): PDF inclusi
on: multiple pdfs with page group included in a single page
> <./Bilder/Diffdaytime_Nevad.pdf

pdfTeX warning: pdflatex.exe (file ./Bilder/Diffdaytime_Nevad.pdf): PDF inclusi
on: multiple pdfs with page group included in a single page
>]
Underfull \hbox (badness 10000) in paragraph at lines 338--339

 []

<Bilder/DiffColidx_Tungu.pdf, id=878, pagebox=cropbox, 505.89pt x 505.89pt>
File: Bilder/DiffColidx_Tungu.pdf Graphic file (type pdf)
<use Bilder/DiffColidx_Tungu.pdf>
Package pdftex.def Info: Bilder/DiffColidx_Tungu.pdf  used on input line 347. o
n input line 347.
Package pdftex.def Info: Requested size: 209.13013pt x 209.1299pt on input line
 347.
<Bilder/DiffColidx_Nevad.pdf, id=879, pagebox=cropbox, 505.89pt x 505.89pt>
File: Bilder/DiffColidx_Nevad.pdf Graphic file (type pdf)
<use Bilder/DiffColidx_Nevad.pdf>
Package pdftex.def Info: Bilder/DiffColidx_Nevad.pdf  used on input line 348. o
n input line 348.
Package pdftex.def Info: Requested size: 209.13013pt x 209.1299pt on input line
 348.

Underfull \hbox (badness 10000) in paragraph at lines 354--361

 []


Underfull \hbox (badness 10000) in paragraph at lines 362--375

 []

[30 <./Bilder/DiffColidx_Tungu.pdf> <./Bilder/DiffColidx_Nevad.pdf

pdfTeX warning: pdflatex.exe (file ./Bilder/DiffColidx_Nevad.pdf): PDF inclusio
n: multiple pdfs with page group included in a single page
>]
Underfull \hbox (badness 10000) in paragraph at lines 377--378

 []

<Bilder/DiffElevAngle_Tungu.pdf, id=980, pagebox=cropbox, 505.89pt x 505.89pt>
File: Bilder/DiffElevAngle_Tungu.pdf Graphic file (type pdf)
<use Bilder/DiffElevAngle_Tungu.pdf>
Package pdftex.def Info: Bilder/DiffElevAngle_Tungu.pdf  used on input line 385
. on input line 385.
Package pdftex.def Info: Requested size: 209.13013pt x 209.1299pt on input line
 385.
<Bilder/DiffElevAngle_Nevad.pdf, id=981, pagebox=cropbox, 505.89pt x 505.89pt>
File: Bilder/DiffElevAngle_Nevad.pdf Graphic file (type pdf)
<use Bilder/DiffElevAngle_Nevad.pdf>
Package pdftex.def Info: Bilder/DiffElevAngle_Nevad.pdf  used on input line 386
. on input line 386.
Package pdftex.def Info: Requested size: 209.13013pt x 209.1299pt on input line
 386.

LaTeX Warning: `!h' float specifier changed to `!ht'.

<Bilder/DiffExpTime_Tungu.pdf, id=982, pagebox=cropbox, 505.89pt x 505.89pt>
File: Bilder/DiffExpTime_Tungu.pdf Graphic file (type pdf)
<use Bilder/DiffExpTime_Tungu.pdf>
Package pdftex.def Info: Bilder/DiffExpTime_Tungu.pdf  used on input line 397. 
on input line 397.
Package pdftex.def Info: Requested size: 209.13013pt x 209.1299pt on input line
 397.
<Bilder/DiffExpTime_Nevad.pdf, id=983, pagebox=cropbox, 505.89pt x 505.89pt>
File: Bilder/DiffExpTime_Nevad.pdf Graphic file (type pdf)
<use Bilder/DiffExpTime_Nevad.pdf>
Package pdftex.def Info: Bilder/DiffExpTime_Nevad.pdf  used on input line 398. 
on input line 398.
Package pdftex.def Info: Requested size: 209.13013pt x 209.1299pt on input line
 398.
[31]
Underfull \hbox (badness 10000) in paragraph at lines 407--408

 []

[32 <./Bilder/DiffElevAngle_Tungu.pdf> <./Bilder/DiffElevAngle_Nevad.pdf

pdfTeX warning: pdflatex.exe (file ./Bilder/DiffElevAngle_Nevad.pdf): PDF inclu
sion: multiple pdfs with page group included in a single page
>] [33 <./Bilder/DiffExpTime_Tungu.pdf> <./Bilder/DiffExpTime_Nevad.pdf

pdfTeX warning: pdflatex.exe (file ./Bilder/DiffExpTime_Nevad.pdf): PDF inclusi
on: multiple pdfs with page group included in a single page
>]
chapter 5.
<E:/Masterarbeit/Analyse_minSO2/percentage_minSO2.pdf, id=1178, pagebox=cropbox
, 361.35pt x 289.08pt>
File: E:/Masterarbeit/Analyse_minSO2/percentage_minSO2.pdf Graphic file (type p
df)
<use E:/Masterarbeit/Analyse_minSO2/percentage_minSO2.pdf>
Package pdftex.def Info: E:/Masterarbeit/Analyse_minSO2/percentage_minSO2.pdf  
used on input line 431. on input line 431.
Package pdftex.def Info: Requested size: 298.75267pt x 239.0056pt on input line
 431.
<E:/Masterarbeit/Analyse_minSO2/data_minSO2.pdf, id=1179, pagebox=cropbox, 361.
35pt x 289.08pt>
File: E:/Masterarbeit/Analyse_minSO2/data_minSO2.pdf Graphic file (type pdf)
<use E:/Masterarbeit/Analyse_minSO2/data_minSO2.pdf>
Package pdftex.def Info: E:/Masterarbeit/Analyse_minSO2/data_minSO2.pdf  used o
n input line 437. on input line 437.
Package pdftex.def Info: Requested size: 298.75267pt x 239.0056pt on input line
 437.
[34

] [35 <E:/Masterarbeit/Analyse_minSO2/percentage_minSO2.pdf> <E:/Masterarbeit/A
nalyse_minSO2/data_minSO2.pdf

pdfTeX warning: pdflatex.exe (file E:/Masterarbeit/Analyse_minSO2/data_minSO2.p
df): PDF inclusion: multiple pdfs with page group included in a single page
>]
chapter 6.

Overfull \hbox (7.10025pt too wide) in paragraph at lines 458--459
[]\T1/cmr/m/n/12 Difference in SO2 data eval-u-ated with NOVAC-method and conta
mination-
 []


Overfull \hbox (7.58633pt too wide) in paragraph at lines 459--460
[]\T1/cmr/m/n/12 Difference in BrO data eval-u-ated with NOVAC-method and conta
mination-
 []

[36

]
chapter 7.

LaTeX Warning: Command \" invalid in math mode on input line 478.

Missing character: There is no  in font cmr10!

LaTeX Warning: Command \" invalid in math mode on input line 478.

Missing character: There is no  in font cmr10!

LaTeX Warning: Command \" invalid in math mode on input line 478.

Missing character: There is no  in font cmr10!

LaTeX Warning: Command \" invalid in math mode on input line 478.

Missing character: There is no  in font cmr10!

LaTeX Warning: Command \" invalid in math mode on input line 478.

Missing character: There is no  in font cmr10!

LaTeX Warning: Command \" invalid in math mode on input line 478.

Missing character: There is no  in font cmr10!

LaTeX Warning: Command \" invalid in math mode on input line 478.

Missing character: There is no  in font cmr10!

LaTeX Warning: Command \" invalid in math mode on input line 478.

Missing character: There is no  in font cmr10!

Underfull \hbox (badness 10000) in paragraph at lines 478--480

 []


LaTeX Warning: Command \" invalid in math mode on input line 493.

Missing character: There is no  in font cmr10!

LaTeX Warning: Command \" invalid in math mode on input line 493.

Missing character: There is no  in font cmr10!

LaTeX Warning: Command \" invalid in math mode on input line 493.

Missing character: There is no  in font cmr10!

LaTeX Warning: Command \" invalid in math mode on input line 493.

Missing character: There is no  in font cmr10!

LaTeX Warning: Command \" invalid in math mode on input line 493.

Missing character: There is no  in font cmr10!

LaTeX Warning: Command \" invalid in math mode on input line 493.

Missing character: There is no  in font cmr10!

LaTeX Warning: Command \" invalid in math mode on input line 493.

Missing character: There is no  in font cmr10!

LaTeX Warning: Command \" invalid in math mode on input line 493.

Missing character: There is no  in font cmr10!

Underfull \hbox (badness 10000) in paragraph at lines 493--495

 []

[37

]
chapter 8.
[38

]
chapter 9.
[39

]
part III.
Package scrkbase Info: You've told me to use the font selection of the element
(scrkbase)             `partprefix' that is an alias of element `partnumber'
(scrkbase)              on input line 511.
[40

]

Class scrreprt Warning: You are using `\begin{appendix}...\end{appendix}'.
(scrreprt)              You should note, that `\appendix' is a mostly globally
(scrreprt)              working command not an enviroment with only local
(scrreprt)              effects. Therefore `\end{appendix}' will neither
(scrreprt)              switch back to normal section numbering nor finish
(scrreprt)              every other effect of `\begin{appendix}'.
(scrreprt)              Nevertheless, some effects may end with
(scrreprt)              `\end{appendix}' and the document may become
(scrreprt)              inconsistent.
(scrreprt)              Because of this, you should remove `\end{appendix}'
(scrreprt)              and replace `\begin{appendix}' by command
(scrreprt)              `\appendix' on input line 512.

chapter A.
(Wilken_Elsa_MasterThesis.lof
Overfull \hbox (1.7165pt too wide) in paragraph at lines 8--8
 [][] [][][]\T1/cmr/m/n/12 Global map of the vol-ca-noes mon-i-tored by NO-VAC.
 Used with friendly 
 []

)
\tf@lof=\write5
\openout5 = `Wilken_Elsa_MasterThesis.lof'.

 (Wilken_Elsa_MasterThesis.lot)
\tf@lot=\write6
\openout6 = `Wilken_Elsa_MasterThesis.lot'.

 (Wilken_Elsa_MasterThesis.bbl [41

]
chapter B.
[42

]) [43]
\openout2 = `deposition.aux'.

 (deposition.tex) [44

]
Package atveryend Info: Empty hook `BeforeClearDocument' on input line 521.
Package atveryend Info: Empty hook `AfterLastShipout' on input line 521.
 (Wilken_Elsa_MasterThesis.aux
(titlepages-eng.aux) (abstracts.aux) (deposition.aux))
Package atveryend Info: Executing hook `AtVeryEndDocument' on input line 521.
Package atveryend Info: Executing hook `AtEndAfterFileList' on input line 521.
Package rerunfilecheck Info: File `Wilken_Elsa_MasterThesis.out' has not change
d.
(rerunfilecheck)             Checksum: 9AE1291C4FF47591C00390F3A03BFD9F;3224.


LaTeX Warning: There were undefined references.

Package atveryend Info: Empty hook `AtVeryVeryEnd' on input line 521.
 ) 
Here is how much of TeX's memory you used:
 11275 strings out of 493312
 189067 string characters out of 3138883
 389655 words of memory out of 3000000
 14465 multiletter control sequences out of 15000+200000
 21201 words of font info for 47 fonts, out of 3000000 for 9000
 1141 hyphenation exceptions out of 8191
 49i,9n,80p,8837b,587s stack positions out of 5000i,500n,10000p,200000b,50000s
 <C:\Users\Novac_Eval\AppData\Local\MiKTeX\2.9\fonts\pk\ljfour\jknappen\ec\dp
i600\ecti1200.pk> <C:\Users\Novac_Eval\AppData\Local\MiKTeX\2.9\fonts\pk\ljfour
\jknappen\ec\dpi600\ecbx1200.pk> <C:\Users\Novac_Eval\AppData\Local\MiKTeX\2.9\
fonts\pk\ljfour\jknappen\ec\dpi600\ecrm1000.pk> <C:\Users\Novac_Eval\AppData\Lo
cal\MiKTeX\2.9\fonts\pk\ljfour\jknappen\ec\dpi600\ecsx2488.pk> <C:\Users\Novac_
Eval\AppData\Local\MiKTeX\2.9\fonts\pk\ljfour\jknappen\ec\dpi600\ecrm1200.pk> <
C:\Users\Novac_Eval\AppData\Local\MiKTeX\2.9\fonts\pk\ljfour\jknappen\ec\dpi600
\ecsx1440.pk> <C:\Users\Novac_Eval\AppData\Local\MiKTeX\2.9\fonts\pk\ljfour\jkn
appen\ec\dpi600\ecsx1200.pk> <C:\Users\Novac_Eval\AppData\Local\MiKTeX\2.9\font
s\pk\ljfour\jknappen\ec\dpi600\ecsx2074.pk> <C:\Users\Novac_Eval\AppData\Local\
MiKTeX\2.9\fonts\pk\ljfour\jknappen\ec\dpi600\ecrm1095.pk> <C:\Users\Novac_Eval
\AppData\Local\MiKTeX\2.9\fonts\pk\ljfour\jknappen\ec\dpi600\ecbx1095.pk> <C:\U
sers\Novac_Eval\AppData\Local\MiKTeX\2.9\fonts\pk\ljfour\jknappen\ec\dpi600\ecs
x1728.pk> <C:\Users\Novac_Eval\AppData\Local\MiKTeX\2.9\fonts\pk\ljfour\jknappe
n\ec\dpi600\ecrm1440.pk> <C:\Users\Novac_Eval\AppData\Local\MiKTeX\2.9\fonts\pk
\ljfour\jknappen\ec\dpi600\ecss1440.pk> <C:\Users\Novac_Eval\AppData\Local\MiKT
eX\2.9\fonts\pk\ljfour\jknappen\ec\dpi600\ecss1728.pk><C:/Program Files/MiKTeX 
2.9/fonts/type1/public/amsfonts/cm/cmmi10.pfb><C:/Program Files/MiKTeX 2.9/font
s/type1/public/amsfonts/cm/cmmi12.pfb><C:/Program Files/MiKTeX 2.9/fonts/type1/
public/amsfonts/cm/cmmi8.pfb><C:/Program Files/MiKTeX 2.9/fonts/type1/public/am
sfonts/cm/cmr10.pfb><C:/Program Files/MiKTeX 2.9/fonts/type1/public/amsfonts/cm
/cmr12.pfb><C:/Program Files/MiKTeX 2.9/fonts/type1/public/amsfonts/cm/cmr6.pfb
><C:/Program Files/MiKTeX 2.9/fonts/type1/public/amsfonts/cm/cmr8.pfb><C:/Progr
am Files/MiKTeX 2.9/fonts/type1/public/amsfonts/cm/cmsy10.pfb><C:/Program Files
/MiKTeX 2.9/fonts/type1/public/amsfonts/cm/cmsy8.pfb>
Output written on Wilken_Elsa_MasterThesis.pdf (44 pages, 3407569 bytes).
PDF statistics:
 1972 PDF objects out of 2073 (max. 8388607)
 147 named destinations out of 1000 (max. 500000)
 529 words of extra memory for PDF output out of 10000 (max. 10000000)

>>>>>>> 427a0be915fcbb79f9c1ddbc5708ba1eae985753
